Symlinking /home/arijitnoobstar/UAVProjectileCatcher/devel/lib/pkgconfig/hector_nav_msgs.pc
Symlinking /home/arijitnoobstar/UAVProjectileCatcher/devel/lib/python2.7/dist-packages/hector_nav_msgs/__init__.py
Symlinking /home/arijitnoobstar/UAVProjectileCatcher/devel/lib/python2.7/dist-packages/hector_nav_msgs/srv/_GetSearchPosition.py
Symlinking /home/arijitnoobstar/UAVProjectileCatcher/devel/lib/python2.7/dist-packages/hector_nav_msgs/srv/_GetNormal.py
Symlinking /home/arijitnoobstar/UAVProjectileCatcher/devel/lib/python2.7/dist-packages/hector_nav_msgs/srv/_GetRecoveryInfo.py
Symlinking /home/arijitnoobstar/UAVProjectileCatcher/devel/lib/python2.7/dist-packages/hector_nav_msgs/srv/_GetRobotTrajectory.py
Symlinking /home/arijitnoobstar/UAVProjectileCatcher/devel/lib/python2.7/dist-packages/hector_nav_msgs/srv/_GetDistanceToObstacle.py
Symlinking /home/arijitnoobstar/UAVProjectileCatcher/devel/lib/python2.7/dist-packages/hector_nav_msgs/srv/__init__.py
Symlinking /home/arijitnoobstar/UAVProjectileCatcher/devel/share/hector_nav_msgs/cmake/hector_nav_msgs-msg-extras.cmake
Symlinking /home/arijitnoobstar/UAVProjectileCatcher/devel/share/hector_nav_msgs/cmake/hector_nav_msgsConfig.cmake
Symlinking /home/arijitnoobstar/UAVProjectileCatcher/devel/share/hector_nav_msgs/cmake/hector_nav_msgs-msg-paths.cmake
Symlinking /home/arijitnoobstar/UAVProjectileCatcher/devel/share/hector_nav_msgs/cmake/hector_nav_msgsConfig-version.cmake
Symlinking /home/arijitnoobstar/UAVProjectileCatcher/devel/share/common-lisp/ros/hector_nav_msgs/srv/hector_nav_msgs-srv.asd
Symlinking /home/arijitnoobstar/UAVProjectileCatcher/devel/share/common-lisp/ros/hector_nav_msgs/srv/_package_GetRobotTrajectory.lisp
Symlinking /home/arijitnoobstar/UAVProjectileCatcher/devel/share/common-lisp/ros/hector_nav_msgs/srv/GetDistanceToObstacle.lisp
Symlinking /home/arijitnoobstar/UAVProjectileCatcher/devel/share/common-lisp/ros/hector_nav_msgs/srv/GetSearchPosition.lisp
Symlinking /home/arijitnoobstar/UAVProjectileCatcher/devel/share/common-lisp/ros/hector_nav_msgs/srv/GetNormal.lisp
Symlinking /home/arijitnoobstar/UAVProjectileCatcher/devel/share/common-lisp/ros/hector_nav_msgs/srv/_package_GetRecoveryInfo.lisp
Symlinking /home/arijitnoobstar/UAVProjectileCatcher/devel/share/common-lisp/ros/hector_nav_msgs/srv/_package.lisp
Symlinking /home/arijitnoobstar/UAVProjectileCatcher/devel/share/common-lisp/ros/hector_nav_msgs/srv/_package_GetDistanceToObstacle.lisp
Symlinking /home/arijitnoobstar/UAVProjectileCatcher/devel/share/common-lisp/ros/hector_nav_msgs/srv/_package_GetNormal.lisp
Symlinking /home/arijitnoobstar/UAVProjectileCatcher/devel/share/common-lisp/ros/hector_nav_msgs/srv/GetRecoveryInfo.lisp
Symlinking /home/arijitnoobstar/UAVProjectileCatcher/devel/share/common-lisp/ros/hector_nav_msgs/srv/_package_GetSearchPosition.lisp
Symlinking /home/arijitnoobstar/UAVProjectileCatcher/devel/share/common-lisp/ros/hector_nav_msgs/srv/GetRobotTrajectory.lisp
Symlinking /home/arijitnoobstar/UAVProjectileCatcher/devel/share/roseus/ros/hector_nav_msgs/manifest.l
Symlinking /home/arijitnoobstar/UAVProjectileCatcher/devel/share/roseus/ros/hector_nav_msgs/srv/GetRecoveryInfo.l
Symlinking /home/arijitnoobstar/UAVProjectileCatcher/devel/share/roseus/ros/hector_nav_msgs/srv/GetSearchPosition.l
Symlinking /home/arijitnoobstar/UAVProjectileCatcher/devel/share/roseus/ros/hector_nav_msgs/srv/GetDistanceToObstacle.l
Symlinking /home/arijitnoobstar/UAVProjectileCatcher/devel/share/roseus/ros/hector_nav_msgs/srv/GetRobotTrajectory.l
Symlinking /home/arijitnoobstar/UAVProjectileCatcher/devel/share/roseus/ros/hector_nav_msgs/srv/GetNormal.l
Symlinking /home/arijitnoobstar/UAVProjectileCatcher/devel/share/gennodejs/ros/hector_nav_msgs/_index.js
Symlinking /home/arijitnoobstar/UAVProjectileCatcher/devel/share/gennodejs/ros/hector_nav_msgs/srv/GetDistanceToObstacle.js
Symlinking /home/arijitnoobstar/UAVProjectileCatcher/devel/share/gennodejs/ros/hector_nav_msgs/srv/GetRecoveryInfo.js
Symlinking /home/arijitnoobstar/UAVProjectileCatcher/devel/share/gennodejs/ros/hector_nav_msgs/srv/GetNormal.js
Symlinking /home/arijitnoobstar/UAVProjectileCatcher/devel/share/gennodejs/ros/hector_nav_msgs/srv/_index.js
Symlinking /home/arijitnoobstar/UAVProjectileCatcher/devel/share/gennodejs/ros/hector_nav_msgs/srv/GetRobotTrajectory.js
Symlinking /home/arijitnoobstar/UAVProjectileCatcher/devel/share/gennodejs/ros/hector_nav_msgs/srv/GetSearchPosition.js
Symlinking /home/arijitnoobstar/UAVProjectileCatcher/devel/include/hector_nav_msgs/GetRecoveryInfoRequest.h
Symlinking /home/arijitnoobstar/UAVProjectileCatcher/devel/include/hector_nav_msgs/GetNormalRequest.h
Symlinking /home/arijitnoobstar/UAVProjectileCatcher/devel/include/hector_nav_msgs/GetSearchPositionResponse.h
Symlinking /home/arijitnoobstar/UAVProjectileCatcher/devel/include/hector_nav_msgs/GetDistanceToObstacle.h
Symlinking /home/arijitnoobstar/UAVProjectileCatcher/devel/include/hector_nav_msgs/GetSearchPosition.h
Symlinking /home/arijitnoobstar/UAVProjectileCatcher/devel/include/hector_nav_msgs/GetNormal.h
Symlinking /home/arijitnoobstar/UAVProjectileCatcher/devel/include/hector_nav_msgs/GetRobotTrajectoryResponse.h
Symlinking /home/arijitnoobstar/UAVProjectileCatcher/devel/include/hector_nav_msgs/GetNormalResponse.h
Symlinking /home/arijitnoobstar/UAVProjectileCatcher/devel/include/hector_nav_msgs/GetRobotTrajectory.h
Symlinking /home/arijitnoobstar/UAVProjectileCatcher/devel/include/hector_nav_msgs/GetSearchPositionRequest.h
Symlinking /home/arijitnoobstar/UAVProjectileCatcher/devel/include/hector_nav_msgs/GetRobotTrajectoryRequest.h
Symlinking /home/arijitnoobstar/UAVProjectileCatcher/devel/include/hector_nav_msgs/GetDistanceToObstacleRequest.h
Symlinking /home/arijitnoobstar/UAVProjectileCatcher/devel/include/hector_nav_msgs/GetDistanceToObstacleResponse.h
Symlinking /home/arijitnoobstar/UAVProjectileCatcher/devel/include/hector_nav_msgs/GetRecoveryInfo.h
Symlinking /home/arijitnoobstar/UAVProjectileCatcher/devel/include/hector_nav_msgs/GetRecoveryInfoResponse.h
