Determining if the pthread_create exist failed with the following output:
Change Dir: /home/arijitnoobstar/UAVProjectileCatcher/build/mavros_extras/CMakeFiles/CMakeTmp

Run Build Command:"/usr/bin/make" "cmTC_cf868/fast"
/usr/bin/make -f CMakeFiles/cmTC_cf868.dir/build.make CMakeFiles/cmTC_cf868.dir/build
make[1]: Entering directory '/home/arijitnoobstar/UAVProjectileCatcher/build/mavros_extras/CMakeFiles/CMakeTmp'
Building C object CMakeFiles/cmTC_cf868.dir/CheckSymbolExists.c.o
/usr/bin/cc    -o CMakeFiles/cmTC_cf868.dir/CheckSymbolExists.c.o   -c /home/arijitnoobstar/UAVProjectileCatcher/build/mavros_extras/CMakeFiles/CMakeTmp/CheckSymbolExists.c
Linking C executable cmTC_cf868
/usr/bin/cmake -E cmake_link_script CMakeFiles/cmTC_cf868.dir/link.txt --verbose=1
/usr/bin/cc      -rdynamic CMakeFiles/cmTC_cf868.dir/CheckSymbolExists.c.o  -o cmTC_cf868 
CMakeFiles/cmTC_cf868.dir/CheckSymbolExists.c.o: In function `main':
CheckSymbolExists.c:(.text+0x1b): undefined reference to `pthread_create'
collect2: error: ld returned 1 exit status
CMakeFiles/cmTC_cf868.dir/build.make:97: recipe for target 'cmTC_cf868' failed
make[1]: *** [cmTC_cf868] Error 1
make[1]: Leaving directory '/home/arijitnoobstar/UAVProjectileCatcher/build/mavros_extras/CMakeFiles/CMakeTmp'
Makefile:126: recipe for target 'cmTC_cf868/fast' failed
make: *** [cmTC_cf868/fast] Error 2

File /home/arijitnoobstar/UAVProjectileCatcher/build/mavros_extras/CMakeFiles/CMakeTmp/CheckSymbolExists.c:
/* */
#include <pthread.h>

int main(int argc, char** argv)
{
  (void)argv;
#ifndef pthread_create
  return ((int*)(&pthread_create))[argc];
#else
  (void)argc;
  return 0;
#endif
}

Determining if the function pthread_create exists in the pthreads failed with the following output:
Change Dir: /home/arijitnoobstar/UAVProjectileCatcher/build/mavros_extras/CMakeFiles/CMakeTmp

Run Build Command:"/usr/bin/make" "cmTC_fe6cf/fast"
/usr/bin/make -f CMakeFiles/cmTC_fe6cf.dir/build.make CMakeFiles/cmTC_fe6cf.dir/build
make[1]: Entering directory '/home/arijitnoobstar/UAVProjectileCatcher/build/mavros_extras/CMakeFiles/CMakeTmp'
Building C object CMakeFiles/cmTC_fe6cf.dir/CheckFunctionExists.c.o
/usr/bin/cc   -DCHECK_FUNCTION_EXISTS=pthread_create   -o CMakeFiles/cmTC_fe6cf.dir/CheckFunctionExists.c.o   -c /usr/share/cmake-3.10/Modules/CheckFunctionExists.c
Linking C executable cmTC_fe6cf
/usr/bin/cmake -E cmake_link_script CMakeFiles/cmTC_fe6cf.dir/link.txt --verbose=1
/usr/bin/cc  -DCHECK_FUNCTION_EXISTS=pthread_create    -rdynamic CMakeFiles/cmTC_fe6cf.dir/CheckFunctionExists.c.o  -o cmTC_fe6cf -lpthreads 
/usr/bin/ld: cannot find -lpthreads
collect2: error: ld returned 1 exit status
CMakeFiles/cmTC_fe6cf.dir/build.make:97: recipe for target 'cmTC_fe6cf' failed
make[1]: *** [cmTC_fe6cf] Error 1
make[1]: Leaving directory '/home/arijitnoobstar/UAVProjectileCatcher/build/mavros_extras/CMakeFiles/CMakeTmp'
Makefile:126: recipe for target 'cmTC_fe6cf/fast' failed
make: *** [cmTC_fe6cf/fast] Error 2


