[01m[K/home/arijitnoobstar/UAVProjectileCatcher/src/drone_ball_catcher/src/drone_test_1.cpp:[m[K In function ‘[01m[Kint main(int, char**)[m[K’:
[01m[K/home/arijitnoobstar/UAVProjectileCatcher/src/drone_ball_catcher/src/drone_test_1.cpp:243:92:[m[K [01;31m[Kerror: [m[Kno matching function for call to ‘[01m[Katan2(geometry_msgs::Point_<std::allocator<void> >::_x_type)[m[K’
                     theta = atan2( -1 * ball_location_relative.x / ball_location_relative.z[01;31m[K)[m[K;
                                                                                            [01;31m[K^[m[K
In file included from [01m[K/usr/include/features.h:424:0[m[K,
                 from [01m[K/usr/include/x86_64-linux-gnu/c++/7/bits/os_defines.h:39[m[K,
                 from [01m[K/usr/include/x86_64-linux-gnu/c++/7/bits/c++config.h:533[m[K,
                 from [01m[K/usr/include/c++/7/cstdlib:41[m[K,
                 from [01m[K/usr/include/c++/7/stdlib.h:36[m[K,
                 from [01m[K/opt/ros/melodic/include/ros/platform.h:37[m[K,
                 from [01m[K/opt/ros/melodic/include/ros/time.h:53[m[K,
                 from [01m[K/opt/ros/melodic/include/ros/ros.h:38[m[K,
                 from [01m[K/home/arijitnoobstar/UAVProjectileCatcher/src/drone_ball_catcher/src/drone_test_1.cpp:6[m[K:
[01m[K/usr/include/x86_64-linux-gnu/bits/mathcalls.h:59:1:[m[K [01;36m[Knote: [m[Kcandidate: double atan2(double, double)
 [01;36m[K_[m[K_MATHCALL (atan2,, (_Mdouble_ __y, _Mdouble_ __x));
 [01;36m[K^[m[K
[01m[K/usr/include/x86_64-linux-gnu/bits/mathcalls.h:59:1:[m[K [01;36m[Knote: [m[K  candidate expects 2 arguments, 1 provided
In file included from [01m[K/opt/ros/melodic/include/ros/time.h:55:0[m[K,
                 from [01m[K/opt/ros/melodic/include/ros/ros.h:38[m[K,
                 from [01m[K/home/arijitnoobstar/UAVProjectileCatcher/src/drone_ball_catcher/src/drone_test_1.cpp:6[m[K:
[01m[K/usr/include/c++/7/cmath:144:3:[m[K [01;36m[Knote: [m[Kcandidate: constexpr float std::atan2(float, float)
   [01;36m[Katan2[m[K(float __y, float __x)
   [01;36m[K^~~~~[m[K
[01m[K/usr/include/c++/7/cmath:144:3:[m[K [01;36m[Knote: [m[K  candidate expects 2 arguments, 1 provided
[01m[K/usr/include/c++/7/cmath:148:3:[m[K [01;36m[Knote: [m[Kcandidate: constexpr long double std::atan2(long double, long double)
   [01;36m[Katan2[m[K(long double __y, long double __x)
   [01;36m[K^~~~~[m[K
[01m[K/usr/include/c++/7/cmath:148:3:[m[K [01;36m[Knote: [m[K  candidate expects 2 arguments, 1 provided
[01m[K/usr/include/c++/7/cmath:155:5:[m[K [01;36m[Knote: [m[Kcandidate: template<class _Tp, class _Up> constexpr typename __gnu_cxx::__promote_2<_Tp, _Up>::__type std::atan2(_Tp, _Up)
     [01;36m[Katan2[m[K(_Tp __y, _Up __x)
     [01;36m[K^~~~~[m[K
[01m[K/usr/include/c++/7/cmath:155:5:[m[K [01;36m[Knote: [m[K  template argument deduction/substitution failed:
[01m[K/home/arijitnoobstar/UAVProjectileCatcher/src/drone_ball_catcher/src/drone_test_1.cpp:243:92:[m[K [01;36m[Knote: [m[K  candidate expects 2 arguments, 1 provided
                     theta = atan2( -1 * ball_location_relative.x / ball_location_relative.z[01;36m[K)[m[K;
                                                                                            [01;36m[K^[m[K
[01m[K/home/arijitnoobstar/UAVProjectileCatcher/src/drone_ball_catcher/src/drone_test_1.cpp:252:68:[m[K [01;31m[Kerror: [m[K‘[01m[Kgeometry_msgs::PoseStamped {aka struct geometry_msgs::PoseStamped_<std::allocator<void> >}[m[K’ has no member named ‘[01m[Kpoint[m[K’
                         tf2::Quaternion Qoriginal(current_location.[01;31m[Kpoint[m[K.orientation.x, current_location.point.orientation.y,
                                                                    [01;31m[K^~~~~[m[K
[01m[K/home/arijitnoobstar/UAVProjectileCatcher/src/drone_ball_catcher/src/drone_test_1.cpp:252:106:[m[K [01;31m[Kerror: [m[K‘[01m[Kgeometry_msgs::PoseStamped {aka struct geometry_msgs::PoseStamped_<std::allocator<void> >}[m[K’ has no member named ‘[01m[Kpoint[m[K’
                         tf2::Quaternion Qoriginal(current_location.point.orientation.x, current_location.[01;31m[Kpoint[m[K.orientation.y,
                                                                                                          [01;31m[K^~~~~[m[K
[01m[K/home/arijitnoobstar/UAVProjectileCatcher/src/drone_ball_catcher/src/drone_test_1.cpp:253:42:[m[K [01;31m[Kerror: [m[K‘[01m[Kgeometry_msgs::PoseStamped {aka struct geometry_msgs::PoseStamped_<std::allocator<void> >}[m[K’ has no member named ‘[01m[Kpoint[m[K’
                         current_location.[01;31m[Kpoint[m[K.orientation.z, current_location.point.orientation.w);
                                          [01;31m[K^~~~~[m[K
[01m[K/home/arijitnoobstar/UAVProjectileCatcher/src/drone_ball_catcher/src/drone_test_1.cpp:253:80:[m[K [01;31m[Kerror: [m[K‘[01m[Kgeometry_msgs::PoseStamped {aka struct geometry_msgs::PoseStamped_<std::allocator<void> >}[m[K’ has no member named ‘[01m[Kpoint[m[K’
                         current_location.point.orientation.z, current_location.[01;31m[Kpoint[m[K.orientation.w);
                                                                                [01;31m[K^~~~~[m[K
[01m[K/home/arijitnoobstar/UAVProjectileCatcher/src/drone_ball_catcher/src/drone_test_1.cpp:255:25:[m[K [01;31m[Kerror: [m[K‘[01m[Ktheta_Qchange[m[K’ was not declared in this scope
                         [01;31m[Ktheta_Qchange[m[K.setRPY(0, 0, theta);
                         [01;31m[K^~~~~~~~~~~~~[m[K
[01m[K/home/arijitnoobstar/UAVProjectileCatcher/src/drone_ball_catcher/src/drone_test_1.cpp:255:25:[m[K [01;36m[Knote: [m[Ksuggested alternative: ‘[01m[KQchange[m[K’
                         [01;36m[Ktheta_Qchange[m[K.setRPY(0, 0, theta);
                         [01;36m[K^~~~~~~~~~~~~[m[K
                         [32m[KQchange[m[K
[01m[K/home/arijitnoobstar/UAVProjectileCatcher/src/drone_ball_catcher/src/drone_test_1.cpp:257:42:[m[K [01;31m[Kerror: [m[K‘[01m[Kgeometry_msgs::PoseStamped {aka struct geometry_msgs::PoseStamped_<std::allocator<void> >}[m[K’ has no member named ‘[01m[Kpoint[m[K’
                         current_location.[01;31m[Kpoint[m[K.orientation = tf2::toMsg(Qoriginal);
                                          [01;31m[K^~~~~[m[K
[01m[K/home/arijitnoobstar/UAVProjectileCatcher/src/drone_ball_catcher/src/drone_test_1.cpp:258:52:[m[K [01;31m[Kerror: [m[K‘[01m[Kgeometry_msgs::PoseStamped {aka struct geometry_msgs::PoseStamped_<std::allocator<void> >}[m[K’ has no member named ‘[01m[Kpoint[m[K’
                         init_qz = current_location.[01;31m[Kpoint[m[K.orientation.z;
                                                    [01;31m[K^~~~~[m[K
[01m[K/home/arijitnoobstar/UAVProjectileCatcher/src/drone_ball_catcher/src/drone_test_1.cpp:259:52:[m[K [01;31m[Kerror: [m[K‘[01m[Kgeometry_msgs::PoseStamped {aka struct geometry_msgs::PoseStamped_<std::allocator<void> >}[m[K’ has no member named ‘[01m[Kpoint[m[K’
                         init_qw = current_location.[01;31m[Kpoint[m[K.orientation.w;
                                                    [01;31m[K^~~~~[m[K
[01m[K/home/arijitnoobstar/UAVProjectileCatcher/src/drone_ball_catcher/src/drone_test_1.cpp:265:75:[m[K [01;31m[Kerror: [m[K‘[01m[Kgeometry_msgs::PoseStamped {aka struct geometry_msgs::PoseStamped_<std::allocator<void> >}[m[K’ has no member named ‘[01m[Korientation[m[K’
                     target_location.pose.orientation.x = current_location.[01;31m[Korientation[m[K;
                                                                           [01;31m[K^~~~~~~~~~~[m[K
[01m[K/home/arijitnoobstar/UAVProjectileCatcher/src/drone_ball_catcher/src/drone_test_1.cpp:287:59:[m[K [01;31m[Kerror: [m[K‘[01m[Kgeometry_msgs::PoseStamped {aka struct geometry_msgs::PoseStamped_<std::allocator<void> >}[m[K’ has no member named ‘[01m[Kx[m[K’
             cout << "Drone Location " << current_location.[01;31m[Kx[m[K << "," << current_location.y << "," << current_location.z << endl;
                                                           [01;31m[K^[m[K
[01m[K/home/arijitnoobstar/UAVProjectileCatcher/src/drone_ball_catcher/src/drone_test_1.cpp:287:88:[m[K [01;31m[Kerror: [m[K‘[01m[Kgeometry_msgs::PoseStamped {aka struct geometry_msgs::PoseStamped_<std::allocator<void> >}[m[K’ has no member named ‘[01m[Ky[m[K’
             cout << "Drone Location " << current_location.x << "," << current_location.[01;31m[Ky[m[K << "," << current_location.z << endl;
                                                                                        [01;31m[K^[m[K
[01m[K/home/arijitnoobstar/UAVProjectileCatcher/src/drone_ball_catcher/src/drone_test_1.cpp:287:117:[m[K [01;31m[Kerror: [m[K‘[01m[Kgeometry_msgs::PoseStamped {aka struct geometry_msgs::PoseStamped_<std::allocator<void> >}[m[K’ has no member named ‘[01m[Kz[m[K’
             cout << "Drone Location " << current_location.x << "," << current_location.y << "," << current_location.[01;31m[Kz[m[K << endl;
                                                                                                                     [01;31m[K^[m[K
make[2]: *** [CMakeFiles/drone_test_1.dir/src/drone_test_1.cpp.o] Error 1
make[1]: *** [CMakeFiles/drone_test_1.dir/all] Error 2
make: *** [all] Error 2
