[01m[K/home/arijitnoobstar/UAVProjectileCatcher/src/drone_ball_catcher/src/drone_test_1.cpp:45:1:[m[K [01;31m[Kerror: [m[K‘[01m[Kball_location[m[K’ does not name a type
 [01;31m[Kball_location[m[K.x = 0;
 [01;31m[K^~~~~~~~~~~~~[m[K
[01m[K/home/arijitnoobstar/UAVProjectileCatcher/src/drone_ball_catcher/src/drone_test_1.cpp:46:1:[m[K [01;31m[Kerror: [m[K‘[01m[Kball_location[m[K’ does not name a type
 [01;31m[Kball_location[m[K.y = NAN;
 [01;31m[K^~~~~~~~~~~~~[m[K
[01m[K/home/arijitnoobstar/UAVProjectileCatcher/src/drone_ball_catcher/src/drone_test_1.cpp:47:1:[m[K [01;31m[Kerror: [m[K‘[01m[Kball_location[m[K’ does not name a type
 [01;31m[Kball_location[m[K.z = NAN;
 [01;31m[K^~~~~~~~~~~~~[m[K
[01m[K/home/arijitnoobstar/UAVProjectileCatcher/src/drone_ball_catcher/src/drone_test_1.cpp:[m[K In function ‘[01m[Kvoid ball_cb(const ConstPtr&)[m[K’:
[01m[K/home/arijitnoobstar/UAVProjectileCatcher/src/drone_ball_catcher/src/drone_test_1.cpp:62:34:[m[K [01;31m[Kerror: [m[K‘[01m[Kball_location_map[m[K’ was not declared in this scope
         tfBuffer.transform(*msg, [01;31m[Kball_location_map[m[K, "map");
                                  [01;31m[K^~~~~~~~~~~~~~~~~[m[K
[01m[K/home/arijitnoobstar/UAVProjectileCatcher/src/drone_ball_catcher/src/drone_test_1.cpp:62:34:[m[K [01;36m[Knote: [m[Ksuggested alternative: ‘[01m[Kball_location[m[K’
         tfBuffer.transform(*msg, [01;36m[Kball_location_map[m[K, "map");
                                  [01;36m[K^~~~~~~~~~~~~~~~~[m[K
                                  [32m[Kball_location[m[K
make[2]: *** [CMakeFiles/drone_test_1.dir/src/drone_test_1.cpp.o] Error 1
make[1]: *** [CMakeFiles/drone_test_1.dir/all] Error 2
make: *** [all] Error 2
