Determining if the pthread_create exist failed with the following output:
Change Dir: /home/arijitnoobstar/UAVProjectileCatcher/build/hector_mapping/CMakeFiles/CMakeTmp

Run Build Command:"/usr/bin/make" "cmTC_f266b/fast"
/usr/bin/make -f CMakeFiles/cmTC_f266b.dir/build.make CMakeFiles/cmTC_f266b.dir/build
make[1]: Entering directory '/home/arijitnoobstar/UAVProjectileCatcher/build/hector_mapping/CMakeFiles/CMakeTmp'
Building C object CMakeFiles/cmTC_f266b.dir/CheckSymbolExists.c.o
/usr/bin/cc    -o CMakeFiles/cmTC_f266b.dir/CheckSymbolExists.c.o   -c /home/arijitnoobstar/UAVProjectileCatcher/build/hector_mapping/CMakeFiles/CMakeTmp/CheckSymbolExists.c
Linking C executable cmTC_f266b
/usr/bin/cmake -E cmake_link_script CMakeFiles/cmTC_f266b.dir/link.txt --verbose=1
/usr/bin/cc      -rdynamic CMakeFiles/cmTC_f266b.dir/CheckSymbolExists.c.o  -o cmTC_f266b 
CMakeFiles/cmTC_f266b.dir/CheckSymbolExists.c.o: In function `main':
CheckSymbolExists.c:(.text+0x1b): undefined reference to `pthread_create'
collect2: error: ld returned 1 exit status
CMakeFiles/cmTC_f266b.dir/build.make:97: recipe for target 'cmTC_f266b' failed
make[1]: *** [cmTC_f266b] Error 1
make[1]: Leaving directory '/home/arijitnoobstar/UAVProjectileCatcher/build/hector_mapping/CMakeFiles/CMakeTmp'
Makefile:126: recipe for target 'cmTC_f266b/fast' failed
make: *** [cmTC_f266b/fast] Error 2

File /home/arijitnoobstar/UAVProjectileCatcher/build/hector_mapping/CMakeFiles/CMakeTmp/CheckSymbolExists.c:
/* */
#include <pthread.h>

int main(int argc, char** argv)
{
  (void)argv;
#ifndef pthread_create
  return ((int*)(&pthread_create))[argc];
#else
  (void)argc;
  return 0;
#endif
}

Determining if the function pthread_create exists in the pthreads failed with the following output:
Change Dir: /home/arijitnoobstar/UAVProjectileCatcher/build/hector_mapping/CMakeFiles/CMakeTmp

Run Build Command:"/usr/bin/make" "cmTC_46cd4/fast"
/usr/bin/make -f CMakeFiles/cmTC_46cd4.dir/build.make CMakeFiles/cmTC_46cd4.dir/build
make[1]: Entering directory '/home/arijitnoobstar/UAVProjectileCatcher/build/hector_mapping/CMakeFiles/CMakeTmp'
Building C object CMakeFiles/cmTC_46cd4.dir/CheckFunctionExists.c.o
/usr/bin/cc   -DCHECK_FUNCTION_EXISTS=pthread_create   -o CMakeFiles/cmTC_46cd4.dir/CheckFunctionExists.c.o   -c /usr/share/cmake-3.10/Modules/CheckFunctionExists.c
Linking C executable cmTC_46cd4
/usr/bin/cmake -E cmake_link_script CMakeFiles/cmTC_46cd4.dir/link.txt --verbose=1
/usr/bin/cc  -DCHECK_FUNCTION_EXISTS=pthread_create    -rdynamic CMakeFiles/cmTC_46cd4.dir/CheckFunctionExists.c.o  -o cmTC_46cd4 -lpthreads 
/usr/bin/ld: cannot find -lpthreads
collect2: error: ld returned 1 exit status
CMakeFiles/cmTC_46cd4.dir/build.make:97: recipe for target 'cmTC_46cd4' failed
make[1]: *** [cmTC_46cd4] Error 1
make[1]: Leaving directory '/home/arijitnoobstar/UAVProjectileCatcher/build/hector_mapping/CMakeFiles/CMakeTmp'
Makefile:126: recipe for target 'cmTC_46cd4/fast' failed
make: *** [cmTC_46cd4/fast] Error 2


