Determining if the pthread_create exist failed with the following output:
Change Dir: /home/arijitnoobstar/UAVProjectileCatcher/build/catkin_tools_prebuild/CMakeFiles/CMakeTmp

Run Build Command:"/usr/bin/make" "cmTC_9e447/fast"
/usr/bin/make -f CMakeFiles/cmTC_9e447.dir/build.make CMakeFiles/cmTC_9e447.dir/build
make[1]: Entering directory '/home/arijitnoobstar/UAVProjectileCatcher/build/catkin_tools_prebuild/CMakeFiles/CMakeTmp'
Building C object CMakeFiles/cmTC_9e447.dir/CheckSymbolExists.c.o
/usr/bin/cc    -o CMakeFiles/cmTC_9e447.dir/CheckSymbolExists.c.o   -c /home/arijitnoobstar/UAVProjectileCatcher/build/catkin_tools_prebuild/CMakeFiles/CMakeTmp/CheckSymbolExists.c
Linking C executable cmTC_9e447
/usr/bin/cmake -E cmake_link_script CMakeFiles/cmTC_9e447.dir/link.txt --verbose=1
/usr/bin/cc      -rdynamic CMakeFiles/cmTC_9e447.dir/CheckSymbolExists.c.o  -o cmTC_9e447 
CMakeFiles/cmTC_9e447.dir/CheckSymbolExists.c.o: In function `main':
CheckSymbolExists.c:(.text+0x1b): undefined reference to `pthread_create'
collect2: error: ld returned 1 exit status
CMakeFiles/cmTC_9e447.dir/build.make:97: recipe for target 'cmTC_9e447' failed
make[1]: *** [cmTC_9e447] Error 1
make[1]: Leaving directory '/home/arijitnoobstar/UAVProjectileCatcher/build/catkin_tools_prebuild/CMakeFiles/CMakeTmp'
Makefile:126: recipe for target 'cmTC_9e447/fast' failed
make: *** [cmTC_9e447/fast] Error 2

File /home/arijitnoobstar/UAVProjectileCatcher/build/catkin_tools_prebuild/CMakeFiles/CMakeTmp/CheckSymbolExists.c:
/* */
#include <pthread.h>

int main(int argc, char** argv)
{
  (void)argv;
#ifndef pthread_create
  return ((int*)(&pthread_create))[argc];
#else
  (void)argc;
  return 0;
#endif
}

Determining if the function pthread_create exists in the pthreads failed with the following output:
Change Dir: /home/arijitnoobstar/UAVProjectileCatcher/build/catkin_tools_prebuild/CMakeFiles/CMakeTmp

Run Build Command:"/usr/bin/make" "cmTC_82f7a/fast"
/usr/bin/make -f CMakeFiles/cmTC_82f7a.dir/build.make CMakeFiles/cmTC_82f7a.dir/build
make[1]: Entering directory '/home/arijitnoobstar/UAVProjectileCatcher/build/catkin_tools_prebuild/CMakeFiles/CMakeTmp'
Building C object CMakeFiles/cmTC_82f7a.dir/CheckFunctionExists.c.o
/usr/bin/cc   -DCHECK_FUNCTION_EXISTS=pthread_create   -o CMakeFiles/cmTC_82f7a.dir/CheckFunctionExists.c.o   -c /usr/share/cmake-3.10/Modules/CheckFunctionExists.c
Linking C executable cmTC_82f7a
/usr/bin/cmake -E cmake_link_script CMakeFiles/cmTC_82f7a.dir/link.txt --verbose=1
/usr/bin/cc  -DCHECK_FUNCTION_EXISTS=pthread_create    -rdynamic CMakeFiles/cmTC_82f7a.dir/CheckFunctionExists.c.o  -o cmTC_82f7a -lpthreads 
/usr/bin/ld: cannot find -lpthreads
collect2: error: ld returned 1 exit status
CMakeFiles/cmTC_82f7a.dir/build.make:97: recipe for target 'cmTC_82f7a' failed
make[1]: *** [cmTC_82f7a] Error 1
make[1]: Leaving directory '/home/arijitnoobstar/UAVProjectileCatcher/build/catkin_tools_prebuild/CMakeFiles/CMakeTmp'
Makefile:126: recipe for target 'cmTC_82f7a/fast' failed
make: *** [cmTC_82f7a/fast] Error 2


