Linked: (/home/arijitnoobstar/UAVProjectileCatcher/devel/.private/mavros/lib/libmavros.so, /home/arijitnoobstar/UAVProjectileCatcher/devel/lib/libmavros.so)
Linked: (/home/arijitnoobstar/UAVProjectileCatcher/devel/.private/mavros/lib/libmavros_plugins.so, /home/arijitnoobstar/UAVProjectileCatcher/devel/lib/libmavros_plugins.so)
Linked: (/home/arijitnoobstar/UAVProjectileCatcher/devel/.private/mavros/lib/pkgconfig/mavros.pc, /home/arijitnoobstar/UAVProjectileCatcher/devel/lib/pkgconfig/mavros.pc)
Linked: (/home/arijitnoobstar/UAVProjectileCatcher/devel/.private/mavros/lib/python2.7/dist-packages/mavros/__init__.py, /home/arijitnoobstar/UAVProjectileCatcher/devel/lib/python2.7/dist-packages/mavros/__init__.py)
Linked: (/home/arijitnoobstar/UAVProjectileCatcher/devel/.private/mavros/lib/python2.7/dist-packages/mavros/msg/__init__.py, /home/arijitnoobstar/UAVProjectileCatcher/devel/lib/python2.7/dist-packages/mavros/msg/__init__.py)
Linked: (/home/arijitnoobstar/UAVProjectileCatcher/devel/.private/mavros/lib/python2.7/dist-packages/mavros/msg/_haha.py, /home/arijitnoobstar/UAVProjectileCatcher/devel/lib/python2.7/dist-packages/mavros/msg/_haha.py)
Linked: (/home/arijitnoobstar/UAVProjectileCatcher/devel/.private/mavros/lib/mavros/offb_node, /home/arijitnoobstar/UAVProjectileCatcher/devel/lib/mavros/offb_node)
Linked: (/home/arijitnoobstar/UAVProjectileCatcher/devel/.private/mavros/lib/mavros/mavros_node, /home/arijitnoobstar/UAVProjectileCatcher/devel/lib/mavros/mavros_node)
Linked: (/home/arijitnoobstar/UAVProjectileCatcher/devel/.private/mavros/lib/mavros/drone_test_1, /home/arijitnoobstar/UAVProjectileCatcher/devel/lib/mavros/drone_test_1)
Linked: (/home/arijitnoobstar/UAVProjectileCatcher/devel/.private/mavros/lib/mavros/gcs_bridge, /home/arijitnoobstar/UAVProjectileCatcher/devel/lib/mavros/gcs_bridge)
Linked: (/home/arijitnoobstar/UAVProjectileCatcher/devel/.private/mavros/share/mavros/cmake/mavrosConfig-version.cmake, /home/arijitnoobstar/UAVProjectileCatcher/devel/share/mavros/cmake/mavrosConfig-version.cmake)
Linked: (/home/arijitnoobstar/UAVProjectileCatcher/devel/.private/mavros/share/mavros/cmake/mavros-msg-paths.cmake, /home/arijitnoobstar/UAVProjectileCatcher/devel/share/mavros/cmake/mavros-msg-paths.cmake)
Linked: (/home/arijitnoobstar/UAVProjectileCatcher/devel/.private/mavros/share/mavros/cmake/mavros-msg-extras.cmake, /home/arijitnoobstar/UAVProjectileCatcher/devel/share/mavros/cmake/mavros-msg-extras.cmake)
Linked: (/home/arijitnoobstar/UAVProjectileCatcher/devel/.private/mavros/share/mavros/cmake/mavrosConfig.cmake, /home/arijitnoobstar/UAVProjectileCatcher/devel/share/mavros/cmake/mavrosConfig.cmake)
Linked: (/home/arijitnoobstar/UAVProjectileCatcher/devel/.private/mavros/share/common-lisp/ros/mavros/msg/mavros-msg.asd, /home/arijitnoobstar/UAVProjectileCatcher/devel/share/common-lisp/ros/mavros/msg/mavros-msg.asd)
Linked: (/home/arijitnoobstar/UAVProjectileCatcher/devel/.private/mavros/share/common-lisp/ros/mavros/msg/_package_haha.lisp, /home/arijitnoobstar/UAVProjectileCatcher/devel/share/common-lisp/ros/mavros/msg/_package_haha.lisp)
Linked: (/home/arijitnoobstar/UAVProjectileCatcher/devel/.private/mavros/share/common-lisp/ros/mavros/msg/haha.lisp, /home/arijitnoobstar/UAVProjectileCatcher/devel/share/common-lisp/ros/mavros/msg/haha.lisp)
Linked: (/home/arijitnoobstar/UAVProjectileCatcher/devel/.private/mavros/share/common-lisp/ros/mavros/msg/_package.lisp, /home/arijitnoobstar/UAVProjectileCatcher/devel/share/common-lisp/ros/mavros/msg/_package.lisp)
Linked: (/home/arijitnoobstar/UAVProjectileCatcher/devel/.private/mavros/share/roseus/ros/mavros/manifest.l, /home/arijitnoobstar/UAVProjectileCatcher/devel/share/roseus/ros/mavros/manifest.l)
Linked: (/home/arijitnoobstar/UAVProjectileCatcher/devel/.private/mavros/share/roseus/ros/mavros/msg/haha.l, /home/arijitnoobstar/UAVProjectileCatcher/devel/share/roseus/ros/mavros/msg/haha.l)
Linked: (/home/arijitnoobstar/UAVProjectileCatcher/devel/.private/mavros/share/gennodejs/ros/mavros/_index.js, /home/arijitnoobstar/UAVProjectileCatcher/devel/share/gennodejs/ros/mavros/_index.js)
Linked: (/home/arijitnoobstar/UAVProjectileCatcher/devel/.private/mavros/share/gennodejs/ros/mavros/msg/_index.js, /home/arijitnoobstar/UAVProjectileCatcher/devel/share/gennodejs/ros/mavros/msg/_index.js)
Linked: (/home/arijitnoobstar/UAVProjectileCatcher/devel/.private/mavros/share/gennodejs/ros/mavros/msg/haha.js, /home/arijitnoobstar/UAVProjectileCatcher/devel/share/gennodejs/ros/mavros/msg/haha.js)
Linked: (/home/arijitnoobstar/UAVProjectileCatcher/devel/.private/mavros/include/mavros/haha.h, /home/arijitnoobstar/UAVProjectileCatcher/devel/include/mavros/haha.h)
