Symlinking /home/arijitnoobstar/UAVProjectileCatcher/devel/lib/libmavros.so
Symlinking /home/arijitnoobstar/UAVProjectileCatcher/devel/lib/libmavros_plugins.so
Symlinking /home/arijitnoobstar/UAVProjectileCatcher/devel/lib/pkgconfig/mavros.pc
Symlinking /home/arijitnoobstar/UAVProjectileCatcher/devel/lib/python2.7/dist-packages/mavros/__init__.py
Symlinking /home/arijitnoobstar/UAVProjectileCatcher/devel/lib/python2.7/dist-packages/mavros/msg/__init__.py
Symlinking /home/arijitnoobstar/UAVProjectileCatcher/devel/lib/python2.7/dist-packages/mavros/msg/_haha.py
Symlinking /home/arijitnoobstar/UAVProjectileCatcher/devel/lib/mavros/offb_node
Symlinking /home/arijitnoobstar/UAVProjectileCatcher/devel/lib/mavros/mavros_node
Symlinking /home/arijitnoobstar/UAVProjectileCatcher/devel/lib/mavros/drone_test_1
Symlinking /home/arijitnoobstar/UAVProjectileCatcher/devel/lib/mavros/gcs_bridge
Symlinking /home/arijitnoobstar/UAVProjectileCatcher/devel/share/mavros/cmake/mavrosConfig-version.cmake
Symlinking /home/arijitnoobstar/UAVProjectileCatcher/devel/share/mavros/cmake/mavros-msg-paths.cmake
Symlinking /home/arijitnoobstar/UAVProjectileCatcher/devel/share/mavros/cmake/mavros-msg-extras.cmake
Symlinking /home/arijitnoobstar/UAVProjectileCatcher/devel/share/mavros/cmake/mavrosConfig.cmake
Symlinking /home/arijitnoobstar/UAVProjectileCatcher/devel/share/common-lisp/ros/mavros/msg/mavros-msg.asd
Symlinking /home/arijitnoobstar/UAVProjectileCatcher/devel/share/common-lisp/ros/mavros/msg/_package_haha.lisp
Symlinking /home/arijitnoobstar/UAVProjectileCatcher/devel/share/common-lisp/ros/mavros/msg/haha.lisp
Symlinking /home/arijitnoobstar/UAVProjectileCatcher/devel/share/common-lisp/ros/mavros/msg/_package.lisp
Symlinking /home/arijitnoobstar/UAVProjectileCatcher/devel/share/roseus/ros/mavros/manifest.l
Symlinking /home/arijitnoobstar/UAVProjectileCatcher/devel/share/roseus/ros/mavros/msg/haha.l
Symlinking /home/arijitnoobstar/UAVProjectileCatcher/devel/share/gennodejs/ros/mavros/_index.js
Symlinking /home/arijitnoobstar/UAVProjectileCatcher/devel/share/gennodejs/ros/mavros/msg/_index.js
Symlinking /home/arijitnoobstar/UAVProjectileCatcher/devel/share/gennodejs/ros/mavros/msg/haha.js
Symlinking /home/arijitnoobstar/UAVProjectileCatcher/devel/include/mavros/haha.h
