Determining if the pthread_create exist failed with the following output:
Change Dir: /home/arijitnoobstar/UAVProjectileCatcher/build/mavros_msgs/CMakeFiles/CMakeTmp

Run Build Command:"/usr/bin/make" "cmTC_f4e44/fast"
/usr/bin/make -f CMakeFiles/cmTC_f4e44.dir/build.make CMakeFiles/cmTC_f4e44.dir/build
make[1]: Entering directory '/home/arijitnoobstar/UAVProjectileCatcher/build/mavros_msgs/CMakeFiles/CMakeTmp'
Building C object CMakeFiles/cmTC_f4e44.dir/CheckSymbolExists.c.o
/usr/bin/cc    -o CMakeFiles/cmTC_f4e44.dir/CheckSymbolExists.c.o   -c /home/arijitnoobstar/UAVProjectileCatcher/build/mavros_msgs/CMakeFiles/CMakeTmp/CheckSymbolExists.c
Linking C executable cmTC_f4e44
/usr/bin/cmake -E cmake_link_script CMakeFiles/cmTC_f4e44.dir/link.txt --verbose=1
/usr/bin/cc      -rdynamic CMakeFiles/cmTC_f4e44.dir/CheckSymbolExists.c.o  -o cmTC_f4e44 
CMakeFiles/cmTC_f4e44.dir/CheckSymbolExists.c.o: In function `main':
CheckSymbolExists.c:(.text+0x1b): undefined reference to `pthread_create'
collect2: error: ld returned 1 exit status
CMakeFiles/cmTC_f4e44.dir/build.make:97: recipe for target 'cmTC_f4e44' failed
make[1]: *** [cmTC_f4e44] Error 1
make[1]: Leaving directory '/home/arijitnoobstar/UAVProjectileCatcher/build/mavros_msgs/CMakeFiles/CMakeTmp'
Makefile:126: recipe for target 'cmTC_f4e44/fast' failed
make: *** [cmTC_f4e44/fast] Error 2

File /home/arijitnoobstar/UAVProjectileCatcher/build/mavros_msgs/CMakeFiles/CMakeTmp/CheckSymbolExists.c:
/* */
#include <pthread.h>

int main(int argc, char** argv)
{
  (void)argv;
#ifndef pthread_create
  return ((int*)(&pthread_create))[argc];
#else
  (void)argc;
  return 0;
#endif
}

Determining if the function pthread_create exists in the pthreads failed with the following output:
Change Dir: /home/arijitnoobstar/UAVProjectileCatcher/build/mavros_msgs/CMakeFiles/CMakeTmp

Run Build Command:"/usr/bin/make" "cmTC_51cbb/fast"
/usr/bin/make -f CMakeFiles/cmTC_51cbb.dir/build.make CMakeFiles/cmTC_51cbb.dir/build
make[1]: Entering directory '/home/arijitnoobstar/UAVProjectileCatcher/build/mavros_msgs/CMakeFiles/CMakeTmp'
Building C object CMakeFiles/cmTC_51cbb.dir/CheckFunctionExists.c.o
/usr/bin/cc   -DCHECK_FUNCTION_EXISTS=pthread_create   -o CMakeFiles/cmTC_51cbb.dir/CheckFunctionExists.c.o   -c /usr/share/cmake-3.10/Modules/CheckFunctionExists.c
Linking C executable cmTC_51cbb
/usr/bin/cmake -E cmake_link_script CMakeFiles/cmTC_51cbb.dir/link.txt --verbose=1
/usr/bin/cc  -DCHECK_FUNCTION_EXISTS=pthread_create    -rdynamic CMakeFiles/cmTC_51cbb.dir/CheckFunctionExists.c.o  -o cmTC_51cbb -lpthreads 
/usr/bin/ld: cannot find -lpthreads
collect2: error: ld returned 1 exit status
CMakeFiles/cmTC_51cbb.dir/build.make:97: recipe for target 'cmTC_51cbb' failed
make[1]: *** [cmTC_51cbb] Error 1
make[1]: Leaving directory '/home/arijitnoobstar/UAVProjectileCatcher/build/mavros_msgs/CMakeFiles/CMakeTmp'
Makefile:126: recipe for target 'cmTC_51cbb/fast' failed
make: *** [cmTC_51cbb/fast] Error 2


