Determining if the pthread_create exist failed with the following output:
Change Dir: /home/arijitnoobstar/UAVProjectileCatcher/build/hector_map_server/CMakeFiles/CMakeTmp

Run Build Command:"/usr/bin/make" "cmTC_e3756/fast"
/usr/bin/make -f CMakeFiles/cmTC_e3756.dir/build.make CMakeFiles/cmTC_e3756.dir/build
make[1]: Entering directory '/home/arijitnoobstar/UAVProjectileCatcher/build/hector_map_server/CMakeFiles/CMakeTmp'
Building C object CMakeFiles/cmTC_e3756.dir/CheckSymbolExists.c.o
/usr/bin/cc    -o CMakeFiles/cmTC_e3756.dir/CheckSymbolExists.c.o   -c /home/arijitnoobstar/UAVProjectileCatcher/build/hector_map_server/CMakeFiles/CMakeTmp/CheckSymbolExists.c
Linking C executable cmTC_e3756
/usr/bin/cmake -E cmake_link_script CMakeFiles/cmTC_e3756.dir/link.txt --verbose=1
/usr/bin/cc      -rdynamic CMakeFiles/cmTC_e3756.dir/CheckSymbolExists.c.o  -o cmTC_e3756 
CMakeFiles/cmTC_e3756.dir/CheckSymbolExists.c.o: In function `main':
CheckSymbolExists.c:(.text+0x1b): undefined reference to `pthread_create'
collect2: error: ld returned 1 exit status
CMakeFiles/cmTC_e3756.dir/build.make:97: recipe for target 'cmTC_e3756' failed
make[1]: *** [cmTC_e3756] Error 1
make[1]: Leaving directory '/home/arijitnoobstar/UAVProjectileCatcher/build/hector_map_server/CMakeFiles/CMakeTmp'
Makefile:126: recipe for target 'cmTC_e3756/fast' failed
make: *** [cmTC_e3756/fast] Error 2

File /home/arijitnoobstar/UAVProjectileCatcher/build/hector_map_server/CMakeFiles/CMakeTmp/CheckSymbolExists.c:
/* */
#include <pthread.h>

int main(int argc, char** argv)
{
  (void)argv;
#ifndef pthread_create
  return ((int*)(&pthread_create))[argc];
#else
  (void)argc;
  return 0;
#endif
}

Determining if the function pthread_create exists in the pthreads failed with the following output:
Change Dir: /home/arijitnoobstar/UAVProjectileCatcher/build/hector_map_server/CMakeFiles/CMakeTmp

Run Build Command:"/usr/bin/make" "cmTC_441af/fast"
/usr/bin/make -f CMakeFiles/cmTC_441af.dir/build.make CMakeFiles/cmTC_441af.dir/build
make[1]: Entering directory '/home/arijitnoobstar/UAVProjectileCatcher/build/hector_map_server/CMakeFiles/CMakeTmp'
Building C object CMakeFiles/cmTC_441af.dir/CheckFunctionExists.c.o
/usr/bin/cc   -DCHECK_FUNCTION_EXISTS=pthread_create   -o CMakeFiles/cmTC_441af.dir/CheckFunctionExists.c.o   -c /usr/share/cmake-3.10/Modules/CheckFunctionExists.c
Linking C executable cmTC_441af
/usr/bin/cmake -E cmake_link_script CMakeFiles/cmTC_441af.dir/link.txt --verbose=1
/usr/bin/cc  -DCHECK_FUNCTION_EXISTS=pthread_create    -rdynamic CMakeFiles/cmTC_441af.dir/CheckFunctionExists.c.o  -o cmTC_441af -lpthreads 
/usr/bin/ld: cannot find -lpthreads
collect2: error: ld returned 1 exit status
CMakeFiles/cmTC_441af.dir/build.make:97: recipe for target 'cmTC_441af' failed
make[1]: *** [cmTC_441af] Error 1
make[1]: Leaving directory '/home/arijitnoobstar/UAVProjectileCatcher/build/hector_map_server/CMakeFiles/CMakeTmp'
Makefile:126: recipe for target 'cmTC_441af/fast' failed
make: *** [cmTC_441af/fast] Error 2


