[  0%] Built target _mavros_msgs_generate_messages_check_deps_CommandInt
[  0%] Built target _mavros_msgs_generate_messages_check_deps_MessageInterval
[  0%] Built target _mavros_msgs_generate_messages_check_deps_CommandTriggerInterval
[  0%] Built target _mavros_msgs_generate_messages_check_deps_CommandLong
[  0%] Built target _mavros_msgs_generate_messages_check_deps_SetMode
[  0%] Built target _mavros_msgs_generate_messages_check_deps_ExtendedState
[  0%] Built target _mavros_msgs_generate_messages_check_deps_PositionTarget
[  0%] Built target _mavros_msgs_generate_messages_check_deps_CommandTriggerControl
[  0%] Built target _mavros_msgs_generate_messages_check_deps_FileMakeDir
[  0%] Built target _mavros_msgs_generate_messages_check_deps_OnboardComputerStatus
[  0%] Built target _mavros_msgs_generate_messages_check_deps_State
[  0%] Built target _mavros_msgs_generate_messages_check_deps_CamIMUStamp
[  0%] Built target _mavros_msgs_generate_messages_check_deps_LogRequestEnd
[  0%] Built target _mavros_msgs_generate_messages_check_deps_ActuatorControl
[  0%] Built target sensor_msgs_generate_messages_nodejs
[  0%] Built target _mavros_msgs_generate_messages_check_deps_ParamPush
[  0%] Built target _mavros_msgs_generate_messages_check_deps_ADSBVehicle
[  0%] Built target _mavros_msgs_generate_messages_check_deps_HilSensor
[  0%] Built target _mavros_msgs_generate_messages_check_deps_LogData
[  0%] Built target _mavros_msgs_generate_messages_check_deps_WaypointPull
[  0%] Built target _mavros_msgs_generate_messages_check_deps_FileEntry
[  0%] Built target _mavros_msgs_generate_messages_check_deps_ESCInfoItem
[  0%] Built target std_msgs_generate_messages_nodejs
[  0%] Built target _mavros_msgs_generate_messages_check_deps_StreamRate
[  0%] Built target _mavros_msgs_generate_messages_check_deps_MountConfigure
[  0%] Built target _mavros_msgs_generate_messages_check_deps_LogRequestData
[  0%] Built target _mavros_msgs_generate_messages_check_deps_GlobalPositionTarget
[  0%] Built target geometry_msgs_generate_messages_nodejs
[  0%] Built target _mavros_msgs_generate_messages_check_deps_CommandTOL
[  0%] Built target _mavros_msgs_generate_messages_check_deps_CommandHome
[  0%] Built target _mavros_msgs_generate_messages_check_deps_ParamSet
[  0%] Built target _mavros_msgs_generate_messages_check_deps_WheelOdomStamped
[  0%] Built target _mavros_msgs_generate_messages_check_deps_ParamGet
[  0%] Built target _mavros_msgs_generate_messages_check_deps_PlayTuneV2
[  0%] Built target _mavros_msgs_generate_messages_check_deps_RCIn
[  0%] Built target _mavros_msgs_generate_messages_check_deps_ESCStatusItem
[  0%] Built target _mavros_msgs_generate_messages_check_deps_ParamPull
[  0%] Built target _mavros_msgs_generate_messages_check_deps_Vibration
[  0%] Built target _mavros_msgs_generate_messages_check_deps_VehicleInfo
[  0%] Built target _mavros_msgs_generate_messages_check_deps_HilControls
[  0%] Built target _mavros_msgs_generate_messages_check_deps_HilActuatorControls
[  0%] Built target _mavros_msgs_generate_messages_check_deps_ESCStatus
[  0%] Built target _mavros_msgs_generate_messages_check_deps_VehicleInfoGet
[  0%] Built target _mavros_msgs_generate_messages_check_deps_LogRequestList
[  0%] Built target _mavros_msgs_generate_messages_check_deps_CommandCode
[  0%] Built target _mavros_msgs_generate_messages_check_deps_WaypointReached
[  0%] Built target _mavros_msgs_generate_messages_check_deps_MountControl
[  0%] Built target geographic_msgs_generate_messages_nodejs
[  0%] Built target _mavros_msgs_generate_messages_check_deps_Altitude
[  0%] Built target _mavros_msgs_generate_messages_check_deps_WaypointPush
[  0%] Built target _mavros_msgs_generate_messages_check_deps_StatusText
[  0%] Built target _mavros_msgs_generate_messages_check_deps_RadioStatus
[  0%] Built target _mavros_msgs_generate_messages_check_deps_FileOpen
[  0%] Built target _mavros_msgs_generate_messages_check_deps_FileWrite
[  0%] Built target _mavros_msgs_generate_messages_check_deps_FileRename
[  0%] Built target _mavros_msgs_generate_messages_check_deps_FileRemove
[  0%] Built target _mavros_msgs_generate_messages_check_deps_HilGPS
[  0%] Built target _mavros_msgs_generate_messages_check_deps_Param
[  0%] Built target _mavros_msgs_generate_messages_check_deps_SetMavFrame
[  0%] Built target _mavros_msgs_generate_messages_check_deps_ParamValue
[  0%] Built target _mavros_msgs_generate_messages_check_deps_ESCInfo
[  0%] Built target _mavros_msgs_generate_messages_check_deps_FileRead
[  0%] Built target _mavros_msgs_generate_messages_check_deps_AttitudeTarget
[  0%] Built target _mavros_msgs_generate_messages_check_deps_TimesyncStatus
[  0%] Built target _mavros_msgs_generate_messages_check_deps_Thrust
[  0%] Built target _mavros_msgs_generate_messages_check_deps_CompanionProcessStatus
[  0%] Built target _mavros_msgs_generate_messages_check_deps_WaypointClear
[  0%] Built target _mavros_msgs_generate_messages_check_deps_OverrideRCIn
[  0%] Built target _mavros_msgs_generate_messages_check_deps_FileClose
[  0%] Built target _mavros_msgs_generate_messages_check_deps_WaypointList
[  0%] Built target _mavros_msgs_generate_messages_check_deps_WaypointSetCurrent
[  0%] Built target _mavros_msgs_generate_messages_check_deps_FileList
[  0%] Built target _mavros_msgs_generate_messages_check_deps_LogEntry
[  0%] Built target _mavros_msgs_generate_messages_check_deps_VFR_HUD
[  0%] Built target _mavros_msgs_generate_messages_check_deps_HilStateQuaternion
[  0%] Built target _mavros_msgs_generate_messages_check_deps_CommandBool
[  0%] Built target _mavros_msgs_generate_messages_check_deps_GPSRTK
[  0%] Built target _mavros_msgs_generate_messages_check_deps_FileTruncate
[  0%] Built target _mavros_msgs_generate_messages_check_deps_GPSRAW
[  0%] Built target _mavros_msgs_generate_messages_check_deps_DebugValue
[  0%] Built target _mavros_msgs_generate_messages_check_deps_LandingTarget
[  0%] Built target _mavros_msgs_generate_messages_check_deps_Waypoint
[  0%] Built target _mavros_msgs_generate_messages_check_deps_Trajectory
[  0%] Built target _mavros_msgs_generate_messages_check_deps_Mavlink
[  0%] Built target _mavros_msgs_generate_messages_check_deps_RCOut
[  0%] Built target _mavros_msgs_generate_messages_check_deps_RTCM
[  0%] Built target _mavros_msgs_generate_messages_check_deps_HomePosition
[  0%] Built target _mavros_msgs_generate_messages_check_deps_BatteryStatus
[  0%] Built target _mavros_msgs_generate_messages_check_deps_ManualControl
[  0%] Built target _mavros_msgs_generate_messages_check_deps_RTKBaseline
[  0%] Built target _mavros_msgs_generate_messages_check_deps_FileRemoveDir
[  0%] Built target _mavros_msgs_generate_messages_check_deps_OpticalFlowRad
[  0%] Built target _mavros_msgs_generate_messages_check_deps_EstimatorStatus
[  0%] Built target _mavros_msgs_generate_messages_check_deps_FileChecksum
[  0%] Built target geographic_msgs_generate_messages_lisp
[  0%] Built target sensor_msgs_generate_messages_lisp
[  0%] Built target geometry_msgs_generate_messages_lisp
[  0%] Built target std_msgs_generate_messages_lisp
[  0%] Built target _mavros_msgs_generate_messages_check_deps_CommandVtolTransition
[  0%] Built target sensor_msgs_generate_messages_eus
[  0%] Built target std_msgs_generate_messages_eus
[  0%] Built target geographic_msgs_generate_messages_eus
[  0%] Built target std_msgs_generate_messages_cpp
[  0%] Built target geometry_msgs_generate_messages_eus
[  0%] Built target geographic_msgs_generate_messages_cpp
[  0%] Built target geometry_msgs_generate_messages_cpp
[  0%] Built target sensor_msgs_generate_messages_cpp
[  0%] Built target std_msgs_generate_messages_py
[  0%] Built target sensor_msgs_generate_messages_py
[  0%] Built target geographic_msgs_generate_messages_py
[ 20%] Built target mavros_msgs_generate_messages_nodejs
[ 20%] Built target geometry_msgs_generate_messages_py
[ 40%] Built target mavros_msgs_generate_messages_eus
[ 60%] Built target mavros_msgs_generate_messages_lisp
[ 79%] Built target mavros_msgs_generate_messages_cpp
[100%] Built target mavros_msgs_generate_messages_py
[100%] Built target mavros_msgs_generate_messages
