Determining if the pthread_create exist failed with the following output:
Change Dir: /home/arijitnoobstar/UAVProjectileCatcher/build/realsense/CMakeFiles/CMakeTmp

Run Build Command:"/usr/bin/make" "cmTC_b3b09/fast"
/usr/bin/make -f CMakeFiles/cmTC_b3b09.dir/build.make CMakeFiles/cmTC_b3b09.dir/build
make[1]: Entering directory '/home/arijitnoobstar/UAVProjectileCatcher/build/realsense/CMakeFiles/CMakeTmp'
Building C object CMakeFiles/cmTC_b3b09.dir/CheckSymbolExists.c.o
/usr/bin/cc    -o CMakeFiles/cmTC_b3b09.dir/CheckSymbolExists.c.o   -c /home/arijitnoobstar/UAVProjectileCatcher/build/realsense/CMakeFiles/CMakeTmp/CheckSymbolExists.c
Linking C executable cmTC_b3b09
/usr/bin/cmake -E cmake_link_script CMakeFiles/cmTC_b3b09.dir/link.txt --verbose=1
/usr/bin/cc      -rdynamic CMakeFiles/cmTC_b3b09.dir/CheckSymbolExists.c.o  -o cmTC_b3b09 
CMakeFiles/cmTC_b3b09.dir/CheckSymbolExists.c.o: In function `main':
CheckSymbolExists.c:(.text+0x1b): undefined reference to `pthread_create'
collect2: error: ld returned 1 exit status
CMakeFiles/cmTC_b3b09.dir/build.make:97: recipe for target 'cmTC_b3b09' failed
make[1]: *** [cmTC_b3b09] Error 1
make[1]: Leaving directory '/home/arijitnoobstar/UAVProjectileCatcher/build/realsense/CMakeFiles/CMakeTmp'
Makefile:126: recipe for target 'cmTC_b3b09/fast' failed
make: *** [cmTC_b3b09/fast] Error 2

File /home/arijitnoobstar/UAVProjectileCatcher/build/realsense/CMakeFiles/CMakeTmp/CheckSymbolExists.c:
/* */
#include <pthread.h>

int main(int argc, char** argv)
{
  (void)argv;
#ifndef pthread_create
  return ((int*)(&pthread_create))[argc];
#else
  (void)argc;
  return 0;
#endif
}

Determining if the function pthread_create exists in the pthreads failed with the following output:
Change Dir: /home/arijitnoobstar/UAVProjectileCatcher/build/realsense/CMakeFiles/CMakeTmp

Run Build Command:"/usr/bin/make" "cmTC_67bac/fast"
/usr/bin/make -f CMakeFiles/cmTC_67bac.dir/build.make CMakeFiles/cmTC_67bac.dir/build
make[1]: Entering directory '/home/arijitnoobstar/UAVProjectileCatcher/build/realsense/CMakeFiles/CMakeTmp'
Building C object CMakeFiles/cmTC_67bac.dir/CheckFunctionExists.c.o
/usr/bin/cc   -DCHECK_FUNCTION_EXISTS=pthread_create   -o CMakeFiles/cmTC_67bac.dir/CheckFunctionExists.c.o   -c /usr/share/cmake-3.10/Modules/CheckFunctionExists.c
Linking C executable cmTC_67bac
/usr/bin/cmake -E cmake_link_script CMakeFiles/cmTC_67bac.dir/link.txt --verbose=1
/usr/bin/cc  -DCHECK_FUNCTION_EXISTS=pthread_create    -rdynamic CMakeFiles/cmTC_67bac.dir/CheckFunctionExists.c.o  -o cmTC_67bac -lpthreads 
/usr/bin/ld: cannot find -lpthreads
collect2: error: ld returned 1 exit status
CMakeFiles/cmTC_67bac.dir/build.make:97: recipe for target 'cmTC_67bac' failed
make[1]: *** [cmTC_67bac] Error 1
make[1]: Leaving directory '/home/arijitnoobstar/UAVProjectileCatcher/build/realsense/CMakeFiles/CMakeTmp'
Makefile:126: recipe for target 'cmTC_67bac/fast' failed
make: *** [cmTC_67bac/fast] Error 2


