Determining if the pthread_create exist failed with the following output:
Change Dir: /home/arijitnoobstar/UAVProjectileCatcher/build/hector_gazebo_plugins/CMakeFiles/CMakeTmp

Run Build Command:"/usr/bin/make" "cmTC_7bbb6/fast"
/usr/bin/make -f CMakeFiles/cmTC_7bbb6.dir/build.make CMakeFiles/cmTC_7bbb6.dir/build
make[1]: Entering directory '/home/arijitnoobstar/UAVProjectileCatcher/build/hector_gazebo_plugins/CMakeFiles/CMakeTmp'
Building C object CMakeFiles/cmTC_7bbb6.dir/CheckSymbolExists.c.o
/usr/bin/cc    -o CMakeFiles/cmTC_7bbb6.dir/CheckSymbolExists.c.o   -c /home/arijitnoobstar/UAVProjectileCatcher/build/hector_gazebo_plugins/CMakeFiles/CMakeTmp/CheckSymbolExists.c
Linking C executable cmTC_7bbb6
/usr/bin/cmake -E cmake_link_script CMakeFiles/cmTC_7bbb6.dir/link.txt --verbose=1
/usr/bin/cc      -rdynamic CMakeFiles/cmTC_7bbb6.dir/CheckSymbolExists.c.o  -o cmTC_7bbb6 
CMakeFiles/cmTC_7bbb6.dir/CheckSymbolExists.c.o: In function `main':
CheckSymbolExists.c:(.text+0x1b): undefined reference to `pthread_create'
collect2: error: ld returned 1 exit status
CMakeFiles/cmTC_7bbb6.dir/build.make:97: recipe for target 'cmTC_7bbb6' failed
make[1]: *** [cmTC_7bbb6] Error 1
make[1]: Leaving directory '/home/arijitnoobstar/UAVProjectileCatcher/build/hector_gazebo_plugins/CMakeFiles/CMakeTmp'
Makefile:126: recipe for target 'cmTC_7bbb6/fast' failed
make: *** [cmTC_7bbb6/fast] Error 2

File /home/arijitnoobstar/UAVProjectileCatcher/build/hector_gazebo_plugins/CMakeFiles/CMakeTmp/CheckSymbolExists.c:
/* */
#include <pthread.h>

int main(int argc, char** argv)
{
  (void)argv;
#ifndef pthread_create
  return ((int*)(&pthread_create))[argc];
#else
  (void)argc;
  return 0;
#endif
}

Determining if the function pthread_create exists in the pthreads failed with the following output:
Change Dir: /home/arijitnoobstar/UAVProjectileCatcher/build/hector_gazebo_plugins/CMakeFiles/CMakeTmp

Run Build Command:"/usr/bin/make" "cmTC_8777d/fast"
/usr/bin/make -f CMakeFiles/cmTC_8777d.dir/build.make CMakeFiles/cmTC_8777d.dir/build
make[1]: Entering directory '/home/arijitnoobstar/UAVProjectileCatcher/build/hector_gazebo_plugins/CMakeFiles/CMakeTmp'
Building C object CMakeFiles/cmTC_8777d.dir/CheckFunctionExists.c.o
/usr/bin/cc   -DCHECK_FUNCTION_EXISTS=pthread_create   -o CMakeFiles/cmTC_8777d.dir/CheckFunctionExists.c.o   -c /usr/share/cmake-3.10/Modules/CheckFunctionExists.c
Linking C executable cmTC_8777d
/usr/bin/cmake -E cmake_link_script CMakeFiles/cmTC_8777d.dir/link.txt --verbose=1
/usr/bin/cc  -DCHECK_FUNCTION_EXISTS=pthread_create    -rdynamic CMakeFiles/cmTC_8777d.dir/CheckFunctionExists.c.o  -o cmTC_8777d -lpthreads 
/usr/bin/ld: cannot find -lpthreads
collect2: error: ld returned 1 exit status
CMakeFiles/cmTC_8777d.dir/build.make:97: recipe for target 'cmTC_8777d' failed
make[1]: *** [cmTC_8777d] Error 1
make[1]: Leaving directory '/home/arijitnoobstar/UAVProjectileCatcher/build/hector_gazebo_plugins/CMakeFiles/CMakeTmp'
Makefile:126: recipe for target 'cmTC_8777d/fast' failed
make: *** [cmTC_8777d/fast] Error 2


