[36m--[0m Using CATKIN_DEVEL_PREFIX: /home/arijitnoobstar/UAVProjectileCatcher/devel/.private/realsense
[36m--[0m Using CMAKE_PREFIX_PATH: /home/arijitnoobstar/UAVProjectileCatcher/devel;/opt/ros/melodic
[36m--[0m This workspace overlays: /home/arijitnoobstar/UAVProjectileCatcher/devel;/opt/ros/melodic
[36m--[0m Found PythonInterp: /usr/bin/python2 (found suitable version "2.7.17", minimum required is "2")
[36m--[0m Using PYTHON_EXECUTABLE: /usr/bin/python2
[36m--[0m Using Debian Python package layout
[36m--[0m Using empy: /usr/bin/empy
[36m--[0m Using CATKIN_ENABLE_TESTING: ON
[36m--[0m Call enable_testing()
[36m--[0m Using CATKIN_TEST_RESULTS_DIR: /home/arijitnoobstar/UAVProjectileCatcher/build/realsense/test_results
[36m--[0m Found gtest sources under '/usr/src/googletest': gtests will be built
[36m--[0m Found gmock sources under '/usr/src/googletest': gmock will be built
[36m--[0m Found PythonInterp: /usr/bin/python2 (found version "2.7.17")
[36m--[0m Using Python nosetests: /usr/bin/nosetests-2.7
[36m--[0m catkin 0.7.29
[36m--[0m BUILD_SHARED_LIBS is on
[36m--[0m Using these message generators: gencpp;geneus;genlisp;gennodejs;genpy
[36m--[0m Boost version: 1.65.1
[36m--[0m Found the following Boost libraries:
[36m--[0m   system
[33m[1mCMake Warning[0m at /opt/ros/melodic/share/catkin/cmake/catkin_package.cmake:166 (message):
  catkin_package() DEPENDS on 'system_lib' but neither
  'system_lib_INCLUDE_DIRS' nor 'system_lib_LIBRARIES' is defined.
[36mCall Stack (most recent call first):[0m
  /opt/ros/melodic/share/catkin/cmake/catkin_package.cmake:102 (_catkin_package)
  CMakeLists.txt:114 (catkin_package)


[36m--[0m Configuring done
[31m[1mCMake Error[0m at /home/arijitnoobstar/UAVProjectileCatcher/src/realsense/CMakeLists.txt:163 (add_dependencies):
  The dependency target "mavros" of target "drone_test_1" does not exist.


[36m--[0m Generating done
[36m--[0m Build files have been written to: /home/arijitnoobstar/UAVProjectileCatcher/build/realsense
Makefile:2078: recipe for target 'cmake_check_build_system' failed
make: *** [cmake_check_build_system] Error 1
