[  4%] Built target paparazzi.xml-v2.0
[  9%] Built target matrixpilot.xml-v2.0
[ 13%] Built target icarous.xml-v2.0
[ 18%] Built target icarous.xml-v1.0
[ 22%] Built target ASLUAV.xml-v1.0
[ 27%] Built target ualberta.xml-v2.0
[ 31%] Built target standard.xml-v2.0
[ 36%] Built target ardupilotmega.xml-v1.0
[ 40%] Built target matrixpilot.xml-v1.0
[ 45%] Built target common.xml-v1.0
[ 50%] Built target autoquad.xml-v1.0
[ 54%] Built target uAvionix.xml-v1.0
[ 59%] Built target uAvionix.xml-v2.0
[ 63%] Built target all.xml-v1.0
[ 68%] Built target all.xml-v2.0
[ 72%] Built target paparazzi.xml-v1.0
[ 77%] Built target standard.xml-v1.0
[ 81%] Built target autoquad.xml-v2.0
[ 86%] Built target ASLUAV.xml-v2.0
[ 90%] Built target ardupilotmega.xml-v2.0
[ 95%] Built target ualberta.xml-v1.0
[100%] Built target common.xml-v2.0
