[  0%] Built target diagnostic_msgs_generate_messages_py
[  0%] Built target geographic_msgs_generate_messages_cpp
[  0%] Built target diagnostic_msgs_generate_messages_lisp
[  6%] Built target visualization
[  6%] Built target geometry_msgs_generate_messages_lisp
[  6%] Built target uuid_msgs_generate_messages_eus
[  6%] Built target actionlib_msgs_generate_messages_lisp
[  6%] Built target uuid_msgs_generate_messages_lisp
[  6%] Built target roscpp_generate_messages_lisp
[  6%] Built target actionlib_msgs_generate_messages_py
[  6%] Built target diagnostic_msgs_generate_messages_eus
[  6%] Built target actionlib_msgs_generate_messages_nodejs
[  6%] Built target std_msgs_generate_messages_cpp
[  6%] Built target nav_msgs_generate_messages_nodejs
[  6%] Built target roscpp_generate_messages_py
[  6%] Built target trajectory_msgs_generate_messages_eus
[  6%] Built target rosgraph_msgs_generate_messages_nodejs
[  6%] Built target visualization_msgs_generate_messages_lisp
[  6%] Built target uuid_msgs_generate_messages_cpp
[  6%] Built target geographic_msgs_generate_messages_lisp
[  6%] Built target std_msgs_generate_messages_eus
[  6%] Built target geographic_msgs_generate_messages_py
[  6%] Built target mavros_generate_messages_lisp
[  6%] Built target mavros_generate_messages_py
[  6%] Built target roscpp_generate_messages_cpp
[  6%] Built target sensor_msgs_generate_messages_nodejs
[  6%] Built target tf2_msgs_generate_messages_lisp
[  6%] Built target tf2_msgs_generate_messages_py
[  6%] Built target tf2_msgs_generate_messages_nodejs
[  6%] Built target mavros_generate_messages_nodejs
[  6%] Built target actionlib_generate_messages_py
[  6%] Built target geometry_msgs_generate_messages_nodejs
[  6%] Built target actionlib_generate_messages_cpp
[  6%] Built target mavros_generate_messages_cpp
[  6%] Built target geometry_msgs_generate_messages_py
[  6%] Built target trajectory_msgs_generate_messages_lisp
[  6%] Built target std_msgs_generate_messages_lisp
[  6%] Built target roscpp_generate_messages_nodejs
[  6%] Built target nav_msgs_generate_messages_lisp
[  6%] Built target std_msgs_generate_messages_nodejs
[  6%] Built target std_msgs_generate_messages_py
[  6%] Built target geographic_msgs_generate_messages_eus
[  6%] Built target geographic_msgs_generate_messages_nodejs
[  6%] Built target actionlib_generate_messages_nodejs
[  6%] Built target tf_generate_messages_cpp
[  6%] Built target mavros_msgs_generate_messages_cpp
[  6%] Built target uuid_msgs_generate_messages_py
[  6%] Built target uuid_msgs_generate_messages_nodejs
[  6%] Built target trajectory_msgs_generate_messages_cpp
[  6%] Built target mavros_msgs_generate_messages_eus
[  6%] Built target sensor_msgs_generate_messages_lisp
[  6%] Built target mavros_msgs_generate_messages_py
[  6%] Built target mavros_generate_messages_eus
[  6%] Built target nav_msgs_generate_messages_cpp
[  6%] Built target mavros_msgs_generate_messages_lisp
[  6%] Built target roscpp_generate_messages_eus
[  6%] Built target sensor_msgs_generate_messages_cpp
[  6%] Built target sensor_msgs_generate_messages_eus
[  6%] Built target sensor_msgs_generate_messages_py
[  6%] Built target tf_generate_messages_eus
[  6%] Built target actionlib_msgs_generate_messages_eus
[  6%] Built target actionlib_msgs_generate_messages_cpp
[  6%] Built target rosgraph_msgs_generate_messages_py
[  6%] Built target diagnostic_msgs_generate_messages_cpp
[  6%] Built target actionlib_generate_messages_eus
[  6%] Built target actionlib_generate_messages_lisp
[  6%] Built target visualization_msgs_generate_messages_cpp
[  6%] Built target geometry_msgs_generate_messages_cpp
[  6%] Built target tf2_msgs_generate_messages_cpp
[  6%] Built target nav_msgs_generate_messages_eus
[  6%] Built target tf2_msgs_generate_messages_eus
[  6%] Built target nav_msgs_generate_messages_py
[  6%] Built target visualization_msgs_generate_messages_eus
[  6%] Built target tf_generate_messages_py
[  6%] Built target visualization_msgs_generate_messages_nodejs
[  6%] Built target visualization_msgs_generate_messages_py
[  6%] Built target tf_generate_messages_lisp
[  6%] Built target trajectory_msgs_generate_messages_py
[  6%] Built target trajectory_msgs_generate_messages_nodejs
[  6%] Built target tf_generate_messages_nodejs
[  6%] Built target rosgraph_msgs_generate_messages_eus
[  6%] Built target rosgraph_msgs_generate_messages_lisp
[  6%] Built target geometry_msgs_generate_messages_eus
[  6%] Built target rosgraph_msgs_generate_messages_cpp
[  6%] Built target diagnostic_msgs_generate_messages_nodejs
[ 10%] Built target mavros_msgs_generate_messages_nodejs
[ 13%] Built target servo_state_publisher
[100%] Built target mavros_extras
